<?xml version="1.0" encoding="UTF-8"?>
<testng-results ignored="0" total="1" passed="1" failed="0" skipped="0">
  <reporter-output>
  </reporter-output>
  <suite started-at="2022-05-26T22:39:39 EDT" name="Suite" finished-at="2022-05-26T22:40:10 EDT" duration-ms="30991">
    <groups>
    </groups>
    <test started-at="2022-05-26T22:39:39 EDT" name="Test" finished-at="2022-05-26T22:40:10 EDT" duration-ms="30991">
      <class name="testPackage.QuotationTest">
        <test-method is-config="true" signature="setUp()[pri:0, instance:testPackage.QuotationTest@550ee7e5]" started-at="2022-05-26T22:39:39 EDT" name="setUp" finished-at="2022-05-26T22:40:03 EDT" duration-ms="24379" status="PASS">
          <reporter-output>
          </reporter-output>
        </test-method> <!-- setUp -->
        <test-method signature="autoQuoteTest()[pri:0, instance:testPackage.QuotationTest@550ee7e5]" started-at="2022-05-26T22:40:03 EDT" name="autoQuoteTest" finished-at="2022-05-26T22:40:10 EDT" duration-ms="6554" status="PASS">
          <reporter-output>
          </reporter-output>
        </test-method> <!-- autoQuoteTest -->
        <test-method is-config="true" signature="tearUp()[pri:0, instance:testPackage.QuotationTest@550ee7e5]" started-at="2022-05-26T22:40:10 EDT" name="tearUp" finished-at="2022-05-26T22:40:10 EDT" duration-ms="0" status="PASS">
          <reporter-output>
          </reporter-output>
        </test-method> <!-- tearUp -->
      </class> <!-- testPackage.QuotationTest -->
    </test> <!-- Test -->
  </suite> <!-- Suite -->
</testng-results>
